#
# A fatal error has been detected by the Java Runtime Environment:
#
#  SIGSEGV (0xb) at pc=0x000000010ac48f78, pid=3073, tid=0x0000000000004403
#
# JRE version: Java(TM) SE Runtime Environment (8.0_92-b14) (build 1.8.0_92-b14)
# Java VM: Java HotSpot(TM) 64-Bit Server VM (25.92-b14 mixed mode bsd-amd64 compressed oops)
# Problematic frame:
# V  [libjvm.dylib+0x448f78]  Method::checked_resolve_jmethod_id(_jmethodID*)+0xe
#
# Failed to write core dump. Core dumps have been disabled. To enable core dumping, try "ulimit -c unlimited" before starting Java again
#
# If you would like to submit a bug report, please visit:
#   http://bugreport.java.com/bugreport/crash.jsp
#

---------------  T H R E A D  ---------------

Current thread (0x00007fd9ec02d000):  JavaThread "JDWP Transport Listener: dt_socket" daemon [_thread_in_vm, id=17411, stack(0x0000700000bbe000,0x0000700000cbe000)]

siginfo: si_signo: 11 (SIGSEGV), si_code: 0 (unknown), si_addr: 0x0000000000000000

Registers:
RAX=0x0000000000000001, RBX=0x0000700000cbda8b, RCX=0x000000010b01a360, RDX=0x0000700000cbda8b
RSP=0x0000700000cbd9d0, RBP=0x0000700000cbd9e0, RSI=0x00007fd9ec02d000, RDI=0x000463003b003b6e
R8 =0x0000000000000000, R9 =0x00007fd9eb57c7c0, R10=0x00000000dbc8864e, R11=0x00007fd9eb500000
R12=0x00007fd9ec02d000, R13=0x000463003b003b6e, R14=0x000463003b003b6e, R15=0x00007fd9eb701ca0
RIP=0x000000010ac48f78, EFLAGS=0x0000000000010202, ERR=0x0000000000000000
  TRAPNO=0x000000000000000d

Top of Stack: (sp=0x0000700000cbd9d0)
0x0000700000cbd9d0:   0000700000cbda8b 0000700000cbda8b
0x0000700000cbd9e0:   0000700000cbda40 000000010ab57e66
0x0000700000cbd9f0:   00007fd9ec02d000 0000000000000000
0x0000700000cbda00:   0000000000000000 0000000000000000
0x0000700000cbda10:   00007fd9ec02d000 00007fd9ec02d000
0x0000700000cbda20:   0000700000cbda8b 0000700000cbda90
0x0000700000cbda30:   000463003b003b6e 0000000000000007
0x0000700000cbda40:   0000700000cbda60 0000000109ea2780
0x0000700000cbda50:   0000000000000001 0000700000cbdb08
0x0000700000cbda60:   0000700000cbdad0 0000000109e871f3
0x0000700000cbda70:   0000700000cbdaa0 00007fd9eb52be20
0x0000700000cbda80:   0000000800000032 f000100801cbdb08
0x0000700000cbda90:   0000000000000000 0000000000000000
0x0000700000cbdaa0:   0000000000000000 0000700000cbdc90
0x0000700000cbdab0:   0000000109ea9e7a 00007fd9eb52bd50
0x0000700000cbdac0:   0000700000cbdb08 0000000109eb5598
0x0000700000cbdad0:   0000700000cbdae0 0000000109e872ec
0x0000700000cbdae0:   0000700000cbdd00 0000000109e90898
0x0000700000cbdaf0:   0000153200000013 00000000000f0200
0x0000700000cbdb00:   00007fd9eb57c890 00007fd9eb581201
0x0000700000cbdb10:   00007fd900000207 00007fd9eb553470
0x0000700000cbdb20:   000000000000012c 0000700000cbdb58
0x0000700000cbdb30:   00007fd9eb553470 0000000000000000
0x0000700000cbdb40:   000015320000001c 00007fff00007c80
0x0000700000cbdb50:   0000700000cbdb58 d97f000008000000
0x0000700000cbdb60:   08000000887442eb 3e74696e696c633c
0x0000700000cbdb70:   0056292803000000 0008000000000000
0x0000700000cbdb80:   00807442ebd97f00 74696e693c060000
0x0000700000cbdb90:   562928030000003e 0100000000000000
0x0000700000cbdba0:   40cc46ebd97f0000 64616f4c0f000000
0x0000700000cbdbb0:   4d7475706e497942 282700000065646f
0x0000700000cbdbc0:   616c2f6176616a4c 6e697274532f676e 

Instructions: (pc=0x000000010ac48f78)
0x000000010ac48f58:   40 48 48 85 c0 75 e0 30 c0 0f b6 c0 5d c3 31 c0
0x000000010ac48f68:   5d c3 55 48 89 e5 53 48 83 ec 08 48 85 ff 74 24
0x000000010ac48f78:   48 8b 1f 48 85 db 74 1c 48 83 fb 37 74 16 48 8b
0x000000010ac48f88:   03 48 89 df ff 50 10 84 c0 b8 00 00 00 00 48 0f 

Register to memory mapping:

RAX=0x0000000000000001 is an unknown value
RBX=0x0000700000cbda8b is pointing into the stack for thread: 0x00007fd9ec02d000
RCX=0x000000010b01a360: UseMembar+0 in /Library/Java/JavaVirtualMachines/jdk1.8.0_92.jdk/Contents/Home/jre/lib/server/libjvm.dylib at 0x000000010a800000
RDX=0x0000700000cbda8b is pointing into the stack for thread: 0x00007fd9ec02d000
RSP=0x0000700000cbd9d0 is pointing into the stack for thread: 0x00007fd9ec02d000
RBP=0x0000700000cbd9e0 is pointing into the stack for thread: 0x00007fd9ec02d000
RSI=0x00007fd9ec02d000 is a thread
RDI=0x000463003b003b6e is an unknown value
R8 =0x0000000000000000 is an unknown value
R9 =0x00007fd9eb57c7c0 is an unknown value
R10=0x00000000dbc8864e is an unknown value
R11=0x00007fd9eb500000 is an unknown value
R12=0x00007fd9ec02d000 is a thread
R13=0x000463003b003b6e is an unknown value
R14=0x000463003b003b6e is an unknown value
R15=0x00007fd9eb701ca0 is an unknown value


Stack: [0x0000700000bbe000,0x0000700000cbe000],  sp=0x0000700000cbd9d0,  free space=1022k
Native frames: (J=compiled Java code, j=interpreted, Vv=VM code, C=native code)
V  [libjvm.dylib+0x448f78]  Method::checked_resolve_jmethod_id(_jmethodID*)+0xe
V  [libjvm.dylib+0x357e66]  jvmti_IsMethodSynthetic+0xb2
C  [libjdwp.dylib+0x20780]  isMethodSynthetic+0x63
C  [libjdwp.dylib+0x51f3]  methods1+0x10b
C  [libjdwp.dylib+0x52ec]  methodsWithGeneric+0xe
C  [libjdwp.dylib+0xe898]  debugLoop_run+0x1ce
C  [libjdwp.dylib+0x1f6ba]  attachThread+0x4d
V  [libjvm.dylib+0x3991cc]  JvmtiAgentThread::call_start_function()+0x38
V  [libjvm.dylib+0x564c57]  JavaThread::thread_main_inner()+0x9b
V  [libjvm.dylib+0x566344]  JavaThread::run()+0x1c2
V  [libjvm.dylib+0x485bbe]  java_start(Thread*)+0xf6
C  [libsystem_pthread.dylib+0x399d]  _pthread_body+0x83
C  [libsystem_pthread.dylib+0x391a]  _pthread_body+0x0
C  [libsystem_pthread.dylib+0x1351]  thread_start+0xd
C  0x0000000000000000


---------------  P R O C E S S  ---------------

Java Threads: ( => current thread )
  0x00007fd9ec02c000 JavaThread "Service Thread" daemon [_thread_blocked, id=20483, stack(0x00007000011d0000,0x00007000012d0000)]
  0x00007fd9ec02e000 JavaThread "C1 CompilerThread2" daemon [_thread_blocked, id=19971, stack(0x00007000010cd000,0x00007000011cd000)]
  0x00007fd9eb830800 JavaThread "C2 CompilerThread1" daemon [_thread_blocked, id=19459, stack(0x0000700000fca000,0x00007000010ca000)]
  0x00007fd9eb830000 JavaThread "C2 CompilerThread0" daemon [_thread_blocked, id=18947, stack(0x0000700000ec7000,0x0000700000fc7000)]
  0x00007fd9ec83b000 JavaThread "JDWP Command Reader" daemon [_thread_in_native, id=18435, stack(0x0000700000dc4000,0x0000700000ec4000)]
  0x00007fd9ec82a000 JavaThread "JDWP Event Helper Thread" daemon [_thread_blocked, id=17923, stack(0x0000700000cc1000,0x0000700000dc1000)]
=>0x00007fd9ec02d000 JavaThread "JDWP Transport Listener: dt_socket" daemon [_thread_in_vm, id=17411, stack(0x0000700000bbe000,0x0000700000cbe000)]
  0x00007fd9ec804000 JavaThread "Signal Dispatcher" daemon [_thread_blocked, id=16667, stack(0x0000700000abb000,0x0000700000bbb000)]
  0x00007fd9ec03b000 JavaThread "Finalizer" daemon [_thread_blocked, id=12291, stack(0x000070000082f000,0x000070000092f000)]
  0x00007fd9ec004800 JavaThread "Reference Handler" daemon [_thread_blocked, id=11779, stack(0x000070000072c000,0x000070000082c000)]
  0x00007fd9ed006800 JavaThread "main" [_thread_blocked, id=5891, stack(0x000070000011a000,0x000070000021a000)]

Other Threads:
  0x00007fd9ed017000 VMThread [stack: 0x0000700000629000,0x0000700000729000] [id=11267]
  0x00007fd9eb81a800 WatcherThread [stack: 0x00007000012d3000,0x00007000013d3000] [id=20995]

VM state:not at safepoint (normal execution)

VM Mutex/Monitor currently owned by a thread: None

Heap:
 PSYoungGen      total 76288K, used 34635K [0x000000076ab00000, 0x0000000770000000, 0x00000007c0000000)
  eden space 65536K, 52% used [0x000000076ab00000,0x000000076ccd2d90,0x000000076eb00000)
  from space 10752K, 0% used [0x000000076f580000,0x000000076f580000,0x0000000770000000)
  to   space 10752K, 0% used [0x000000076eb00000,0x000000076eb00000,0x000000076f580000)
 ParOldGen       total 175104K, used 0K [0x00000006c0000000, 0x00000006cab00000, 0x000000076ab00000)
  object space 175104K, 0% used [0x00000006c0000000,0x00000006c0000000,0x00000006cab00000)
 Metaspace       used 12627K, capacity 12812K, committed 13184K, reserved 1060864K
  class space    used 1498K, capacity 1573K, committed 1664K, reserved 1048576K

Card table byte_map: [0x000000011ab57000,0x000000011b358000] byte_map_base: 0x0000000117557000

Marking Bits: (ParMarkBitMap*) 0x000000010b0e8bd0
 Begin Bits: [0x000000011b8ae000, 0x000000011f8ae000)
 End Bits:   [0x000000011f8ae000, 0x00000001238ae000)

Polling page: 0x0000000109e81000

CodeCache: size=245760Kb used=3736Kb max_used=3736Kb free=242023Kb
 bounds [0x000000010b797000, 0x000000010bb47000, 0x000000011a797000]
 total_blobs=1411 nmethods=1051 adapters=282
 compilation: enabled

Compilation events (10 events):
Event: 81.090 Thread 0x00007fd9ec02e000 1051       3       java.nio.charset.CharsetDecoder::implReset (1 bytes)
Event: 81.090 Thread 0x00007fd9ec02e000 nmethod 1051 0x000000010bb3a110 code [0x000000010bb3a260, 0x000000010bb3a3b0]
Event: 81.090 Thread 0x00007fd9ec02e000 1044       3       sun.nio.cs.UTF_8$Decoder::<init> (6 bytes)
Event: 81.091 Thread 0x00007fd9ec02e000 nmethod 1044 0x000000010bb39b10 code [0x000000010bb39cc0, 0x000000010bb39f48]
Event: 81.091 Thread 0x00007fd9ec02e000 1045       3       sun.nio.cs.UTF_8$Decoder::<init> (8 bytes)
Event: 81.091 Thread 0x00007fd9ec02e000 nmethod 1045 0x000000010bb37ad0 code [0x000000010bb37c80, 0x000000010bb37ea8]
Event: 81.091 Thread 0x00007fd9ec02e000 1049       3       java.nio.charset.CharsetDecoder::implReplaceWith (1 bytes)
Event: 81.091 Thread 0x00007fd9ec02e000 nmethod 1049 0x000000010bb377d0 code [0x000000010bb37920, 0x000000010bb37a70]
Event: 81.091 Thread 0x00007fd9ec02e000 1050   !   3       java.lang.StringCoding::decode (216 bytes)
Event: 81.094 Thread 0x00007fd9ec02e000 nmethod 1050 0x000000010bb3b9d0 code [0x000000010bb3bd80, 0x000000010bb3e1b8]

GC Heap History (0 events):
No events

Deoptimization events (10 events):
Event: 1.025 Thread 0x00007fd9ed006800 Uncommon trap: reason=class_check action=maybe_recompile pc=0x000000010ba1df30 method=java.util.HashMap.putVal(ILjava/lang/Object;Ljava/lang/Object;ZZ)Ljava/lang/Object; @ 203
Event: 1.030 Thread 0x00007fd9ed006800 Uncommon trap: reason=range_check action=none pc=0x000000010b9f8c6c method=sun.reflect.generics.parser.SignatureParser.current()C @ 34
Event: 1.030 Thread 0x00007fd9ed006800 Uncommon trap: reason=range_check action=none pc=0x000000010b9f8c6c method=sun.reflect.generics.parser.SignatureParser.current()C @ 34
Event: 1.031 Thread 0x00007fd9ed006800 Uncommon trap: reason=range_check action=none pc=0x000000010b9f8c6c method=sun.reflect.generics.parser.SignatureParser.current()C @ 34
Event: 1.039 Thread 0x00007fd9ed006800 Uncommon trap: reason=class_check action=maybe_recompile pc=0x000000010ba1df30 method=java.util.HashMap.putVal(ILjava/lang/Object;Ljava/lang/Object;ZZ)Ljava/lang/Object; @ 203
Event: 1.042 Thread 0x00007fd9ed006800 Uncommon trap: reason=range_check action=none pc=0x000000010b9f8c6c method=sun.reflect.generics.parser.SignatureParser.current()C @ 34
Event: 1.051 Thread 0x00007fd9ed006800 Uncommon trap: reason=range_check action=none pc=0x000000010b9f8c6c method=sun.reflect.generics.parser.SignatureParser.current()C @ 34
Event: 1.212 Thread 0x00007fd9ed006800 Uncommon trap: reason=unstable_if action=reinterpret pc=0x000000010ba1debc method=java.util.HashMap.putVal(ILjava/lang/Object;Ljava/lang/Object;ZZ)Ljava/lang/Object; @ 236
Event: 1.231 Thread 0x00007fd9ed006800 Uncommon trap: reason=unstable_if action=reinterpret pc=0x000000010ba871e4 method=java.lang.StringCoding.decode(Ljava/lang/String;[BII)[C @ 51
Event: 1.281 Thread 0x00007fd9ed006800 Uncommon trap: reason=unstable_if action=reinterpret pc=0x000000010b9ced44 method=java.lang.CharacterDataLatin1.isWhitespace(I)Z @ 14

Internal exceptions (10 events):
Event: 1.017 Thread 0x00007fd9ed006800 Exception <a 'java/lang/ArrayIndexOutOfBoundsException': 71> (0x000000076c184cf8) thrown at [/Users/java_re/workspace/8-2-build-macosx-x86_64/jdk8u92/6642/hotspot/src/share/vm/interpreter/interpreterRuntime.cpp, line 366]
Event: 1.018 Thread 0x00007fd9ed006800 Exception <a 'java/lang/ArrayIndexOutOfBoundsException': 60> (0x000000076c186018) thrown at [/Users/java_re/workspace/8-2-build-macosx-x86_64/jdk8u92/6642/hotspot/src/share/vm/interpreter/interpreterRuntime.cpp, line 366]
Event: 1.018 Thread 0x00007fd9ed006800 Exception <a 'java/lang/ArrayIndexOutOfBoundsException': 71> (0x000000076c187680) thrown at [/Users/java_re/workspace/8-2-build-macosx-x86_64/jdk8u92/6642/hotspot/src/share/vm/interpreter/interpreterRuntime.cpp, line 366]
Event: 1.030 Thread 0x00007fd9ed006800 Exception <a 'java/lang/ArrayIndexOutOfBoundsException': 55> (0x000000076c1aeba8) thrown at [/Users/java_re/workspace/8-2-build-macosx-x86_64/jdk8u92/6642/hotspot/src/share/vm/interpreter/interpreterRuntime.cpp, line 366]
Event: 1.031 Thread 0x00007fd9ed006800 Exception <a 'java/lang/ArrayIndexOutOfBoundsException': 38> (0x000000076c1afea0) thrown at [/Users/java_re/workspace/8-2-build-macosx-x86_64/jdk8u92/6642/hotspot/src/share/vm/interpreter/interpreterRuntime.cpp, line 366]
Event: 1.031 Thread 0x00007fd9ed006800 Exception <a 'java/lang/ArrayIndexOutOfBoundsException': 67> (0x000000076c1b1108) thrown at [/Users/java_re/workspace/8-2-build-macosx-x86_64/jdk8u92/6642/hotspot/src/share/vm/interpreter/interpreterRuntime.cpp, line 366]
Event: 1.043 Thread 0x00007fd9ed006800 Exception <a 'java/lang/ArrayIndexOutOfBoundsException': 38> (0x000000076c1d7460) thrown at [/Users/java_re/workspace/8-2-build-macosx-x86_64/jdk8u92/6642/hotspot/src/share/vm/interpreter/interpreterRuntime.cpp, line 366]
Event: 1.051 Thread 0x00007fd9ed006800 Exception <a 'java/lang/ArrayIndexOutOfBoundsException': 49> (0x000000076c1e77d8) thrown at [/Users/java_re/workspace/8-2-build-macosx-x86_64/jdk8u92/6642/hotspot/src/share/vm/interpreter/interpreterRuntime.cpp, line 366]
Event: 5.323 Thread 0x00007fd9ed006800 Exception <a 'java/lang/NoSuchFieldError': method resolution failed> (0x000000076ca9d9f8) thrown at [/Users/java_re/workspace/8-2-build-macosx-x86_64/jdk8u92/6642/hotspot/src/share/vm/prims/methodHandles.cpp, line 1146]
Event: 5.328 Thread 0x00007fd9ed006800 Exception <a 'java/lang/NoSuchFieldError': method resolution failed> (0x000000076caaace8) thrown at [/Users/java_re/workspace/8-2-build-macosx-x86_64/jdk8u92/6642/hotspot/src/share/vm/prims/methodHandles.cpp, line 1146]

Events (10 events):
Event: 137.450 Executing VM operation: GetCurrentLocation
Event: 137.450 Executing VM operation: GetCurrentLocation done
Event: 137.450 Executing VM operation: EnterInterpOnlyMode
Event: 137.450 Executing VM operation: EnterInterpOnlyMode done
Event: 137.450 Executing VM operation: ChangeSingleStep
Event: 137.451 Executing VM operation: ChangeSingleStep done
Event: 137.451 Executing VM operation: ChangeSingleStep
Event: 137.451 Executing VM operation: ChangeSingleStep done
Event: 137.464 Executing VM operation: RedefineClasses
Event: 137.472 Executing VM operation: RedefineClasses done


Dynamic libraries:
0x000000000026b000 	/System/Library/Frameworks/Cocoa.framework/Versions/A/Cocoa
0x000000000026b000 	/System/Library/Frameworks/Security.framework/Versions/A/Security
0x000000000026b000 	/System/Library/Frameworks/ApplicationServices.framework/Versions/A/ApplicationServices
0x000000000026b000 	/usr/lib/libz.1.dylib
0x000000000026b000 	/usr/lib/libSystem.B.dylib
0x000000000026b000 	/usr/lib/libobjc.A.dylib
0x000000000026b000 	/System/Library/Frameworks/CoreFoundation.framework/Versions/A/CoreFoundation
0x000000000026b000 	/System/Library/Frameworks/Foundation.framework/Versions/C/Foundation
0x000000000026b000 	/System/Library/Frameworks/AppKit.framework/Versions/C/AppKit
0x000000000026b000 	/System/Library/Frameworks/CoreData.framework/Versions/A/CoreData
0x000000000026b000 	/System/Library/PrivateFrameworks/RemoteViewServices.framework/Versions/A/RemoteViewServices
0x000000000026b000 	/System/Library/PrivateFrameworks/UIFoundation.framework/Versions/A/UIFoundation
0x000000000026b000 	/usr/lib/libScreenReader.dylib
0x000000000026b000 	/System/Library/Frameworks/Accelerate.framework/Versions/A/Accelerate
0x000000000026b000 	/System/Library/Frameworks/IOSurface.framework/Versions/A/IOSurface
0x000000000026b000 	/System/Library/Frameworks/AudioToolbox.framework/Versions/A/AudioToolbox
0x000000000026b000 	/System/Library/Frameworks/AudioUnit.framework/Versions/A/AudioUnit
0x000000000026b000 	/System/Library/PrivateFrameworks/DataDetectorsCore.framework/Versions/A/DataDetectorsCore
0x000000000026b000 	/System/Library/PrivateFrameworks/DesktopServicesPriv.framework/Versions/A/DesktopServicesPriv
0x000000000026b000 	/System/Library/Frameworks/Carbon.framework/Versions/A/Frameworks/HIToolbox.framework/Versions/A/HIToolbox
0x000000000026b000 	/System/Library/Frameworks/QuartzCore.framework/Versions/A/QuartzCore
0x000000000026b000 	/System/Library/Frameworks/Carbon.framework/Versions/A/Frameworks/SpeechRecognition.framework/Versions/A/SpeechRecognition
0x000000000026b000 	/usr/lib/libauto.dylib
0x000000000026b000 	/usr/lib/libicucore.A.dylib
0x000000000026b000 	/usr/lib/libxml2.2.dylib
0x000000000026b000 	/System/Library/PrivateFrameworks/CoreUI.framework/Versions/A/CoreUI
0x000000000026b000 	/System/Library/Frameworks/CoreAudio.framework/Versions/A/CoreAudio
0x000000000026b000 	/System/Library/Frameworks/DiskArbitration.framework/Versions/A/DiskArbitration
0x000000000026b000 	/usr/lib/liblangid.dylib
0x000000000026b000 	/System/Library/PrivateFrameworks/MultitouchSupport.framework/Versions/A/MultitouchSupport
0x000000000026b000 	/System/Library/Frameworks/IOKit.framework/Versions/A/IOKit
0x000000000026b000 	/usr/lib/libDiagnosticMessagesClient.dylib
0x000000000026b000 	/System/Library/Frameworks/CoreServices.framework/Versions/A/CoreServices
0x000000000026b000 	/System/Library/PrivateFrameworks/PerformanceAnalysis.framework/Versions/A/PerformanceAnalysis
0x000000000026b000 	/System/Library/PrivateFrameworks/GenerationalStorage.framework/Versions/A/GenerationalStorage
0x000000000026b000 	/System/Library/Frameworks/OpenGL.framework/Versions/A/OpenGL
0x000000000026b000 	/System/Library/PrivateFrameworks/Sharing.framework/Versions/A/Sharing
0x000000000026b000 	/System/Library/Frameworks/CoreGraphics.framework/Versions/A/CoreGraphics
0x000000000026b000 	/System/Library/Frameworks/CoreImage.framework/Versions/A/CoreImage
0x000000000026b000 	/System/Library/Frameworks/CoreText.framework/Versions/A/CoreText
0x000000000026b000 	/System/Library/Frameworks/ImageIO.framework/Versions/A/ImageIO
0x000000000026b000 	/System/Library/PrivateFrameworks/Backup.framework/Versions/A/Backup
0x000000000026b000 	/usr/lib/libextension.dylib
0x000000000026b000 	/usr/lib/libarchive.2.dylib
0x000000000026b000 	/System/Library/Frameworks/CFNetwork.framework/Versions/A/CFNetwork
0x000000000026b000 	/System/Library/Frameworks/SystemConfiguration.framework/Versions/A/SystemConfiguration
0x000000000026b000 	/usr/lib/libCRFSuite.dylib
0x000000000026b000 	/usr/lib/libc++.1.dylib
0x000000000026b000 	/usr/lib/libc++abi.dylib
0x000000000026b000 	/usr/lib/system/libcache.dylib
0x000000000026b000 	/usr/lib/system/libcommonCrypto.dylib
0x000000000026b000 	/usr/lib/system/libcompiler_rt.dylib
0x000000000026b000 	/usr/lib/system/libcopyfile.dylib
0x000000000026b000 	/usr/lib/system/libcorecrypto.dylib
0x000000000026b000 	/usr/lib/system/libdispatch.dylib
0x000000000026b000 	/usr/lib/system/libdyld.dylib
0x000000000026b000 	/usr/lib/system/libkeymgr.dylib
0x000000000026b000 	/usr/lib/system/liblaunch.dylib
0x000000000026b000 	/usr/lib/system/libmacho.dylib
0x000000000026b000 	/usr/lib/system/libquarantine.dylib
0x000000000026b000 	/usr/lib/system/libremovefile.dylib
0x000000000026b000 	/usr/lib/system/libsystem_asl.dylib
0x000000000026b000 	/usr/lib/system/libsystem_blocks.dylib
0x000000000026b000 	/usr/lib/system/libsystem_c.dylib
0x000000000026b000 	/usr/lib/system/libsystem_configuration.dylib
0x000000000026b000 	/usr/lib/system/libsystem_coreservices.dylib
0x000000000026b000 	/usr/lib/system/libsystem_coretls.dylib
0x000000000026b000 	/usr/lib/system/libsystem_dnssd.dylib
0x000000000026b000 	/usr/lib/system/libsystem_info.dylib
0x000000000026b000 	/usr/lib/system/libsystem_kernel.dylib
0x000000000026b000 	/usr/lib/system/libsystem_m.dylib
0x000000000026b000 	/usr/lib/system/libsystem_malloc.dylib
0x000000000026b000 	/usr/lib/system/libsystem_network.dylib
0x000000000026b000 	/usr/lib/system/libsystem_networkextension.dylib
0x000000000026b000 	/usr/lib/system/libsystem_notify.dylib
0x000000000026b000 	/usr/lib/system/libsystem_platform.dylib
0x000000000026b000 	/usr/lib/system/libsystem_pthread.dylib
0x000000000026b000 	/usr/lib/system/libsystem_sandbox.dylib
0x000000000026b000 	/usr/lib/system/libsystem_secinit.dylib
0x000000000026b000 	/usr/lib/system/libsystem_trace.dylib
0x000000000026b000 	/usr/lib/system/libunc.dylib
0x000000000026b000 	/usr/lib/system/libunwind.dylib
0x000000000026b000 	/usr/lib/system/libxpc.dylib
0x000000000026b000 	/usr/lib/libenergytrace.dylib
0x000000000026b000 	/usr/lib/libbsm.0.dylib
0x000000000026b000 	/usr/lib/system/libkxld.dylib
0x000000000026b000 	/usr/lib/libxar.1.dylib
0x000000000026b000 	/usr/lib/libsqlite3.dylib
0x000000000026b000 	/usr/lib/libpam.2.dylib
0x000000000026b000 	/usr/lib/libOpenScriptingUtil.dylib
0x000000000026b000 	/usr/lib/libbz2.1.0.dylib
0x000000000026b000 	/usr/lib/liblzma.5.dylib
0x000000000026b000 	/System/Library/Frameworks/CoreServices.framework/Versions/A/Frameworks/FSEvents.framework/Versions/A/FSEvents
0x000000000026b000 	/System/Library/Frameworks/CoreServices.framework/Versions/A/Frameworks/CarbonCore.framework/Versions/A/CarbonCore
0x000000000026b000 	/System/Library/Frameworks/CoreServices.framework/Versions/A/Frameworks/Metadata.framework/Versions/A/Metadata
0x000000000026b000 	/System/Library/Frameworks/CoreServices.framework/Versions/A/Frameworks/OSServices.framework/Versions/A/OSServices
0x000000000026b000 	/System/Library/Frameworks/CoreServices.framework/Versions/A/Frameworks/SearchKit.framework/Versions/A/SearchKit
0x000000000026b000 	/System/Library/Frameworks/CoreServices.framework/Versions/A/Frameworks/AE.framework/Versions/A/AE
0x000000000026b000 	/System/Library/Frameworks/CoreServices.framework/Versions/A/Frameworks/LaunchServices.framework/Versions/A/LaunchServices
0x000000000026b000 	/System/Library/Frameworks/CoreServices.framework/Versions/A/Frameworks/DictionaryServices.framework/Versions/A/DictionaryServices
0x000000000026b000 	/System/Library/Frameworks/CoreServices.framework/Versions/A/Frameworks/SharedFileList.framework/Versions/A/SharedFileList
0x000000000026b000 	/System/Library/Frameworks/NetFS.framework/Versions/A/NetFS
0x000000000026b000 	/System/Library/PrivateFrameworks/NetAuth.framework/Versions/A/NetAuth
0x000000000026b000 	/System/Library/PrivateFrameworks/login.framework/Versions/A/Frameworks/loginsupport.framework/Versions/A/loginsupport
0x000000000026b000 	/System/Library/PrivateFrameworks/TCC.framework/Versions/A/TCC
0x000000000026b000 	/usr/lib/libmecabra.dylib
0x000000000026b000 	/System/Library/Frameworks/ApplicationServices.framework/Versions/A/Frameworks/ATS.framework/Versions/A/ATS
0x000000000026b000 	/System/Library/Frameworks/ApplicationServices.framework/Versions/A/Frameworks/ColorSync.framework/Versions/A/ColorSync
0x000000000026b000 	/System/Library/Frameworks/ApplicationServices.framework/Versions/A/Frameworks/HIServices.framework/Versions/A/HIServices
0x000000000026b000 	/System/Library/Frameworks/ApplicationServices.framework/Versions/A/Frameworks/LangAnalysis.framework/Versions/A/LangAnalysis
0x000000000026b000 	/System/Library/Frameworks/ApplicationServices.framework/Versions/A/Frameworks/PrintCore.framework/Versions/A/PrintCore
0x000000000026b000 	/System/Library/Frameworks/ApplicationServices.framework/Versions/A/Frameworks/QD.framework/Versions/A/QD
0x000000000026b000 	/System/Library/Frameworks/ApplicationServices.framework/Versions/A/Frameworks/SpeechSynthesis.framework/Versions/A/SpeechSynthesis
0x000000000026b000 	/System/Library/Frameworks/Metal.framework/Versions/A/Metal
0x000000000026b000 	/System/Library/Frameworks/Accelerate.framework/Versions/A/Frameworks/vImage.framework/Versions/A/vImage
0x000000000026b000 	/System/Library/Frameworks/Accelerate.framework/Versions/A/Frameworks/vecLib.framework/Versions/A/vecLib
0x000000000026b000 	/System/Library/Frameworks/Accelerate.framework/Versions/A/Frameworks/vecLib.framework/Versions/A/libvDSP.dylib
0x000000000026b000 	/System/Library/Frameworks/Accelerate.framework/Versions/A/Frameworks/vecLib.framework/Versions/A/libvMisc.dylib
0x000000000026b000 	/System/Library/Frameworks/Accelerate.framework/Versions/A/Frameworks/vecLib.framework/Versions/A/libLAPACK.dylib
0x000000000026b000 	/System/Library/Frameworks/Accelerate.framework/Versions/A/Frameworks/vecLib.framework/Versions/A/libBLAS.dylib
0x000000000026b000 	/System/Library/Frameworks/Accelerate.framework/Versions/A/Frameworks/vecLib.framework/Versions/A/libLinearAlgebra.dylib
0x000000000026b000 	/System/Library/Frameworks/Accelerate.framework/Versions/A/Frameworks/vecLib.framework/Versions/A/libSparseBLAS.dylib
0x000000000026b000 	/System/Library/PrivateFrameworks/GPUCompiler.framework/libmetal_timestamp.dylib
0x000000000026b000 	/System/Library/Frameworks/OpenGL.framework/Versions/A/Libraries/libCoreFSCache.dylib
0x000000000026b000 	/System/Library/PrivateFrameworks/IOAccelerator.framework/Versions/A/IOAccelerator
0x000000000026b000 	/System/Library/Frameworks/ApplicationServices.framework/Versions/A/Frameworks/ATS.framework/Versions/A/Resources/libFontParser.dylib
0x000000000026b000 	/System/Library/Frameworks/ApplicationServices.framework/Versions/A/Frameworks/ATS.framework/Versions/A/Resources/libFontRegistry.dylib
0x000000000026b000 	/System/Library/PrivateFrameworks/AppleVPA.framework/Versions/A/AppleVPA
0x000000000026b000 	/System/Library/PrivateFrameworks/AppleJPEG.framework/Versions/A/AppleJPEG
0x000000000026b000 	/System/Library/Frameworks/ImageIO.framework/Versions/A/Resources/libJPEG.dylib
0x000000000026b000 	/System/Library/Frameworks/ImageIO.framework/Versions/A/Resources/libTIFF.dylib
0x000000000026b000 	/System/Library/Frameworks/ImageIO.framework/Versions/A/Resources/libPng.dylib
0x000000000026b000 	/System/Library/Frameworks/ImageIO.framework/Versions/A/Resources/libGIF.dylib
0x000000000026b000 	/System/Library/Frameworks/ImageIO.framework/Versions/A/Resources/libJP2.dylib
0x000000000026b000 	/System/Library/Frameworks/ImageIO.framework/Versions/A/Resources/libRadiance.dylib
0x000000000026b000 	/System/Library/Frameworks/CoreVideo.framework/Versions/A/CoreVideo
0x000000000026b000 	/System/Library/Frameworks/OpenGL.framework/Versions/A/Libraries/libGLU.dylib
0x000000000026b000 	/System/Library/Frameworks/OpenGL.framework/Versions/A/Libraries/libGFXShared.dylib
0x000000000026b000 	/System/Library/Frameworks/OpenGL.framework/Versions/A/Libraries/libGL.dylib
0x000000000026b000 	/System/Library/Frameworks/OpenGL.framework/Versions/A/Libraries/libGLImage.dylib
0x000000000026b000 	/System/Library/Frameworks/OpenGL.framework/Versions/A/Libraries/libCVMSPluginSupport.dylib
0x000000000026b000 	/System/Library/Frameworks/OpenGL.framework/Versions/A/Libraries/libCoreVMClient.dylib
0x000000000026b000 	/usr/lib/libcompression.dylib
0x000000000026b000 	/usr/lib/libcups.2.dylib
0x000000000026b000 	/System/Library/Frameworks/Kerberos.framework/Versions/A/Kerberos
0x000000000026b000 	/System/Library/Frameworks/GSS.framework/Versions/A/GSS
0x000000000026b000 	/usr/lib/libresolv.9.dylib
0x000000000026b000 	/usr/lib/libiconv.2.dylib
0x000000000026b000 	/System/Library/PrivateFrameworks/Heimdal.framework/Versions/A/Heimdal
0x000000000026b000 	/usr/lib/libheimdal-asn1.dylib
0x000000000026b000 	/System/Library/Frameworks/OpenDirectory.framework/Versions/A/OpenDirectory
0x000000000026b000 	/System/Library/PrivateFrameworks/CommonAuth.framework/Versions/A/CommonAuth
0x000000000026b000 	/System/Library/Frameworks/OpenDirectory.framework/Versions/A/Frameworks/CFOpenDirectory.framework/Versions/A/CFOpenDirectory
0x000000000026b000 	/System/Library/Frameworks/SecurityFoundation.framework/Versions/A/SecurityFoundation
0x000000000026b000 	/System/Library/PrivateFrameworks/LanguageModeling.framework/Versions/A/LanguageModeling
0x000000000026b000 	/usr/lib/libmarisa.dylib
0x000000000026b000 	/usr/lib/libChineseTokenizer.dylib
0x000000000026b000 	/usr/lib/libcmph.dylib
0x000000000026b000 	/System/Library/Frameworks/ServiceManagement.framework/Versions/A/ServiceManagement
0x000000000026b000 	/usr/lib/libxslt.1.dylib
0x000000000026b000 	/System/Library/Frameworks/Carbon.framework/Versions/A/Frameworks/Ink.framework/Versions/A/Ink
0x000000000026b000 	/usr/lib/libFosl_dynamic.dylib
0x000000000026b000 	/System/Library/PrivateFrameworks/FaceCore.framework/Versions/A/FaceCore
0x000000000026b000 	/System/Library/Frameworks/OpenCL.framework/Versions/A/OpenCL
0x000000000026b000 	/System/Library/PrivateFrameworks/CrashReporterSupport.framework/Versions/A/CrashReporterSupport
0x000000000026b000 	/System/Library/PrivateFrameworks/IconServices.framework/Versions/A/IconServices
0x000000000026b000 	/System/Library/PrivateFrameworks/Apple80211.framework/Versions/A/Apple80211
0x000000000026b000 	/System/Library/Frameworks/CoreWLAN.framework/Versions/A/CoreWLAN
0x000000000026b000 	/System/Library/Frameworks/IOBluetooth.framework/Versions/A/IOBluetooth
0x000000000026b000 	/System/Library/PrivateFrameworks/CoreWiFi.framework/Versions/A/CoreWiFi
0x000000000026b000 	/System/Library/Frameworks/CoreBluetooth.framework/Versions/A/CoreBluetooth
0x000000000026b000 	/System/Library/PrivateFrameworks/ChunkingLibrary.framework/Versions/A/ChunkingLibrary
0x000000000026b000 	/System/Library/PrivateFrameworks/DebugSymbols.framework/Versions/A/DebugSymbols
0x000000000026b000 	/System/Library/PrivateFrameworks/CoreSymbolication.framework/Versions/A/CoreSymbolication
0x000000000026b000 	/System/Library/PrivateFrameworks/Symbolication.framework/Versions/A/Symbolication
0x000000000026b000 	/System/Library/PrivateFrameworks/SpeechRecognitionCore.framework/Versions/A/SpeechRecognitionCore
0x000000010a800000 	/Library/Java/JavaVirtualMachines/jdk1.8.0_92.jdk/Contents/Home/jre/lib/server/libjvm.dylib
0x000000000026b000 	/usr/lib/libstdc++.6.dylib
0x0000000109e3e000 	/Library/Java/JavaVirtualMachines/jdk1.8.0_92.jdk/Contents/Home/jre/lib/libverify.dylib
0x0000000109e4c000 	/Library/Java/JavaVirtualMachines/jdk1.8.0_92.jdk/Contents/Home/jre/lib/libjava.dylib
0x0000000109e82000 	/Library/Java/JavaVirtualMachines/jdk1.8.0_92.jdk/Contents/Home/jre/lib/libjdwp.dylib
0x0000000109ecd000 	/Library/Java/JavaVirtualMachines/jdk1.8.0_92.jdk/Contents/Home/jre/lib/libnpt.dylib
0x0000000109eda000 	/Library/Java/JavaVirtualMachines/jdk1.8.0_92.jdk/Contents/Home/jre/lib/libzip.dylib
0x0000000125ab9000 	/System/Library/Frameworks/JavaVM.framework/Frameworks/JavaRuntimeSupport.framework/JavaRuntimeSupport
0x0000000125ad4000 	/System/Library/Frameworks/JavaVM.framework/Versions/A/Frameworks/JavaNativeFoundation.framework/Versions/A/JavaNativeFoundation
0x0000000125ae9000 	/System/Library/Frameworks/JavaVM.framework/Versions/A/JavaVM
0x000000000026b000 	/System/Library/Frameworks/Carbon.framework/Versions/A/Carbon
0x0000000125af6000 	/System/Library/PrivateFrameworks/JavaLaunching.framework/Versions/A/JavaLaunching
0x000000000026b000 	/System/Library/Frameworks/Carbon.framework/Versions/A/Frameworks/CommonPanels.framework/Versions/A/CommonPanels
0x000000000026b000 	/System/Library/Frameworks/Carbon.framework/Versions/A/Frameworks/Help.framework/Versions/A/Help
0x000000000026b000 	/System/Library/Frameworks/Carbon.framework/Versions/A/Frameworks/ImageCapture.framework/Versions/A/ImageCapture
0x000000000026b000 	/System/Library/Frameworks/Carbon.framework/Versions/A/Frameworks/OpenScripting.framework/Versions/A/OpenScripting
0x000000000026b000 	/System/Library/Frameworks/Carbon.framework/Versions/A/Frameworks/Print.framework/Versions/A/Print
0x000000000026b000 	/System/Library/Frameworks/Carbon.framework/Versions/A/Frameworks/SecurityHI.framework/Versions/A/SecurityHI
0x0000000127414000 	/Library/Java/JavaVirtualMachines/jdk1.8.0_92.jdk/Contents/Home/jre/lib/libdt_socket.dylib
0x00000001274a2000 	/Library/Java/JavaVirtualMachines/jdk1.8.0_92.jdk/Contents/Home/jre/lib/libmanagement.dylib
0x0000000127758000 	/Library/Java/JavaVirtualMachines/jdk1.8.0_92.jdk/Contents/Home/jre/lib/libnet.dylib
0x0000000127a66000 	/Library/Java/JavaVirtualMachines/jdk1.8.0_92.jdk/Contents/Home/jre/lib/libnio.dylib

VM Arguments:
jvm_args: -agentlib:jdwp=transport=dt_socket,suspend=y,address=localhost:56299 -Dfile.encoding=UTF-8 
java_command: ca.concordia.jtratch.JTratch ByFolder /Users/gbp/Documents/test-data/yarn-common-java
java_class_path (initial): /Users/gbp/Documents/workspace/JTratch/bin:/Users/gbp/Documents/workspace/JTratch/lib/log4j-api-2.6.1.jar:/Users/gbp/Documents/workspace/JTratch/lib/log4j-core-2.6.1.jar:/Users/gbp/Documents/workspace/JTratch/conf:/Users/gbp/Documents/workspace/JTratch/lib/org.eclipse.jdt.core_3.11.2.v20160128-0629.jar:/Users/gbp/Documents/workspace/JTratch/lib/org.eclipse.equinox.common_3.7.0.v20150402-1709.jar
Launcher Type: SUN_STANDARD

Environment Variables:
PATH=/usr/bin:/bin:/usr/sbin:/sbin
SHELL=/bin/bash

Signal Handlers:
SIGSEGV: [libjvm.dylib+0x5aa779], sa_mask[0]=11111111011111110111111111111111, sa_flags=SA_ONSTACK|SA_RESTART|SA_SIGINFO
SIGBUS: [libjvm.dylib+0x5aa779], sa_mask[0]=11111111011111110111111111111111, sa_flags=SA_RESTART|SA_SIGINFO
SIGFPE: [libjvm.dylib+0x4831d0], sa_mask[0]=11111111011111110111111111111111, sa_flags=SA_RESTART|SA_SIGINFO
SIGPIPE: [libjvm.dylib+0x4831d0], sa_mask[0]=11111111011111110111111111111111, sa_flags=SA_RESTART|SA_SIGINFO
SIGXFSZ: [libjvm.dylib+0x4831d0], sa_mask[0]=11111111011111110111111111111111, sa_flags=SA_RESTART|SA_SIGINFO
SIGILL: [libjvm.dylib+0x4831d0], sa_mask[0]=11111111011111110111111111111111, sa_flags=SA_RESTART|SA_SIGINFO
SIGUSR1: SIG_DFL, sa_mask[0]=00000000000000000000000000000000, sa_flags=none
SIGUSR2: [libjvm.dylib+0x482cee], sa_mask[0]=00100000000000000000000000000000, sa_flags=SA_RESTART|SA_SIGINFO
SIGHUP: [libjvm.dylib+0x4812c5], sa_mask[0]=11111111011111110111111111111111, sa_flags=SA_RESTART|SA_SIGINFO
SIGINT: [libjvm.dylib+0x4812c5], sa_mask[0]=11111111011111110111111111111111, sa_flags=SA_RESTART|SA_SIGINFO
SIGTERM: [libjvm.dylib+0x4812c5], sa_mask[0]=11111111011111110111111111111111, sa_flags=SA_RESTART|SA_SIGINFO
SIGQUIT: [libjvm.dylib+0x4812c5], sa_mask[0]=11111111011111110111111111111111, sa_flags=SA_RESTART|SA_SIGINFO


---------------  S Y S T E M  ---------------

OS:Bsduname:Darwin 15.5.0 Darwin Kernel Version 15.5.0: Tue Apr 19 18:36:36 PDT 2016; root:xnu-3248.50.21~8/RELEASE_X86_64 x86_64
rlimit: STACK 8192k, CORE 0k, NPROC 709, NOFILE 10240, AS infinity
load average:2.17 2.22 2.26

CPU:total 4 (2 cores per cpu, 2 threads per core) family 6 model 69 stepping 1, cmov, cx8, fxsr, mmx, sse, sse2, sse3, ssse3, sse4.1, sse4.2, popcnt, avx, avx2, aes, clmul, erms, lzcnt, ht, tsc, tscinvbit, bmi1, bmi2

Memory: 4k page, physical 16777216k(648708k free)

/proc/meminfo:


vm_info: Java HotSpot(TM) 64-Bit Server VM (25.92-b14) for bsd-amd64 JRE (1.8.0_92-b14), built on Mar 31 2016 21:23:14 by "java_re" with gcc 4.2.1 (Based on Apple Inc. build 5658) (LLVM build 2336.11.00)

time: Fri Jun 17 17:42:05 2016
elapsed time: 137 seconds (0d 0h 2m 17s)

